This is XeTeX, Version 3.14159265-2.6-0.99992 (TeX Live 2015) (preloaded format=xelatex 2016.2.27)  16 OCT 2018 21:42
entering extended mode
 restricted \write18 enabled.
 file:line:error style messages enabled.
 %&-line parsing enabled.
**main.tex
(./main.tex
LaTeX2e <2015/01/01>
Babel <3.9l> and hyphenation patterns for 21 languages loaded.
(./proposalnsf.cls
Document Class: proposalnsf 2008/06/01 NSF proposal style v1.3 SGLS
(/usr/local/texlive/2015basic/texmf-dist/tex/latex/base/article.cls
Document Class: article 2014/09/29 v1.4h Standard LaTeX document class
(/usr/local/texlive/2015basic/texmf-dist/tex/latex/base/size11.clo
File: size11.clo 2014/09/29 v1.4h Standard LaTeX file (size option)
)
\c@part=\count79
\c@section=\count80
\c@subsection=\count81
\c@subsubsection=\count82
\c@paragraph=\count83
\c@subparagraph=\count84
\c@figure=\count85
\c@table=\count86
\abovecaptionskip=\skip41
\belowcaptionskip=\skip42
\bibindent=\dimen102
) (/usr/local/texlive/2015basic/texmf-dist/tex/latex/tools/calc.sty
Package: calc 2014/10/28 v4.3 Infix arithmetic (KKT,FJ)
\calc@Acount=\count87
\calc@Bcount=\count88
\calc@Adimen=\dimen103
\calc@Bdimen=\dimen104
\calc@Askip=\skip43
\calc@Bskip=\skip44
LaTeX Info: Redefining \setlength on input line 80.
LaTeX Info: Redefining \addtolength on input line 81.
\calc@Ccount=\count89
\calc@Cskip=\skip45
) (/usr/local/texlive/2015basic/texmf-dist/tex/latex/natbib/natbib.sty
Package: natbib 2010/09/13 8.31b (PWD, AO)
\bibhang=\skip46
\bibsep=\skip47
LaTeX Info: Redefining \cite on input line 694.
\c@NAT@ctr=\count90
) (/usr/local/texlive/2015basic/texmf-dist/tex/generic/babel/babel.sty
Package: babel 2014/09/25 3.9l The Babel package
 (/usr/local/texlive/2015basic/texmf-dist/tex/generic/babel-english/english.ldf
Language: english 2012/08/20 v3.3p English support from the babel system
 (/usr/local/texlive/2015basic/texmf-dist/tex/generic/babel/babel.def
File: babel.def 2014/09/25 3.9l Babel common definitions
\babel@savecnt=\count91
\U@D=\dimen105
 (/usr/local/texlive/2015basic/texmf-dist/tex/generic/babel/xebabel.def))
\l@canadian = a dialect from \language\l@american 
\l@australian = a dialect from \language\l@british 
\l@newzealand = a dialect from \language\l@british 
)) (/usr/local/texlive/2015basic/texmf-dist/tex/latex/psnfss/mathpazo.sty
Package: mathpazo 2005/04/12 PSNFSS-v9.2a Palatino w/ Pazo Math (D.Puga, WaS) 
\symupright=\mathgroup4
) (/usr/local/texlive/2015basic/texmf-dist/tex/latex/fontspec/fontspec.sty
Package: fontspec 2015/03/14 v2.4c Font selection for XeLaTeX and LuaLaTeX
 (/usr/local/texlive/2015basic/texmf-dist/tex/latex/l3kernel/expl3.sty
Package: expl3 2015/03/01 v5547 L3 programming layer (loader) 
 (/usr/local/texlive/2015basic/texmf-dist/tex/latex/l3kernel/expl3-code.tex
Package: expl3 2015/03/01 v5547 L3 programming layer (code) 
L3 Module: l3bootstrap 2015/02/28 v5542 L3 Bootstrap code
L3 Module: l3names 2015/02/24 v5535 L3 Namespace for primitives
L3 Module: l3basics 2015/01/27 v5500 L3 Basic definitions
L3 Module: l3expan 2014/11/27 v5472 L3 Argument expansion
L3 Module: l3tl 2015/01/27 v5500 L3 Token lists
L3 Module: l3str 2015/03/01 v5545 L3 Strings
L3 Module: l3seq 2014/08/23 v5354 L3 Sequences and stacks
L3 Module: l3int 2015/02/21 v5529 L3 Integers
\c_max_int=\count92
\l_tmpa_int=\count93
\l_tmpb_int=\count94
\g_tmpa_int=\count95
\g_tmpb_int=\count96
L3 Module: l3quark 2014/08/23 v5354 L3 Quarks
L3 Module: l3prg 2014/08/23 v5354 L3 Control structures
\g__prg_map_int=\count97
L3 Module: l3clist 2014/08/23 v5354 L3 Comma separated lists
L3 Module: l3token 2014/09/15 v5422 L3 Experimental token manipulation
L3 Module: l3prop 2014/08/23 v5354 L3 Property lists
L3 Module: l3msg 2015/02/26 v5537 L3 Messages
L3 Module: l3file 2014/08/24 v5369 L3 File and I/O operations
\l_iow_line_count_int=\count98
\l__iow_target_count_int=\count99
\l__iow_current_line_int=\count100
\l__iow_current_word_int=\count101
\l__iow_current_indentation_int=\count102
L3 Module: l3skip 2014/08/23 v5354 L3 Dimensions and skips
\c_zero_dim=\dimen106
\c_max_dim=\dimen107
\l_tmpa_dim=\dimen108
\l_tmpb_dim=\dimen109
\g_tmpa_dim=\dimen110
\g_tmpb_dim=\dimen111
\c_zero_skip=\skip48
\c_max_skip=\skip49
\l_tmpa_skip=\skip50
\l_tmpb_skip=\skip51
\g_tmpa_skip=\skip52
\g_tmpb_skip=\skip53
\c_zero_muskip=\muskip10
\c_max_muskip=\muskip11
\l_tmpa_muskip=\muskip12
\l_tmpb_muskip=\muskip13
\g_tmpa_muskip=\muskip14
\g_tmpb_muskip=\muskip15
L3 Module: l3keys 2015/01/27 v5500 L3 Key-value interfaces
\g__keyval_level_int=\count103
\l_keys_choice_int=\count104
L3 Module: l3fp 2014/08/22 v5336 L3 Floating points
\c__fp_leading_shift_int=\count105
\c__fp_middle_shift_int=\count106
\c__fp_trailing_shift_int=\count107
\c__fp_big_leading_shift_int=\count108
\c__fp_big_middle_shift_int=\count109
\c__fp_big_trailing_shift_int=\count110
\c__fp_Bigg_leading_shift_int=\count111
\c__fp_Bigg_middle_shift_int=\count112
\c__fp_Bigg_trailing_shift_int=\count113
L3 Module: l3box 2014/08/23 v5354 L3 Experimental boxes
\c_empty_box=\box26
\l_tmpa_box=\box27
\l_tmpb_box=\box28
\g_tmpa_box=\box29
\g_tmpb_box=\box30
L3 Module: l3coffins 2014/08/23 v5354 L3 Coffin code layer
\l__coffin_internal_box=\box31
\l__coffin_internal_dim=\dimen112
\l__coffin_offset_x_dim=\dimen113
\l__coffin_offset_y_dim=\dimen114
\l__coffin_x_dim=\dimen115
\l__coffin_y_dim=\dimen116
\l__coffin_x_prime_dim=\dimen117
\l__coffin_y_prime_dim=\dimen118
\c_empty_coffin=\box32
\l__coffin_aligned_coffin=\box33
\l__coffin_aligned_internal_coffin=\box34
\l_tmpa_coffin=\box35
\l_tmpb_coffin=\box36
\l__coffin_display_coffin=\box37
\l__coffin_display_coord_coffin=\box38
\l__coffin_display_pole_coffin=\box39
\l__coffin_display_offset_dim=\dimen119
\l__coffin_display_x_dim=\dimen120
\l__coffin_display_y_dim=\dimen121
L3 Module: l3color 2014/08/23 v5354 L3 Experimental color support
L3 Module: l3candidates 2015/03/01 v5544 L3 Experimental additions to l3kernel
\l__box_top_dim=\dimen122
\l__box_bottom_dim=\dimen123
\l__box_left_dim=\dimen124
\l__box_right_dim=\dimen125
\l__box_top_new_dim=\dimen126
\l__box_bottom_new_dim=\dimen127
\l__box_left_new_dim=\dimen128
\l__box_right_new_dim=\dimen129
\l__box_internal_box=\box40
\l__coffin_bounding_shift_dim=\dimen130
\l__coffin_left_corner_dim=\dimen131
\l__coffin_right_corner_dim=\dimen132
\l__coffin_bottom_corner_dim=\dimen133
\l__coffin_top_corner_dim=\dimen134
\l__coffin_scaled_total_height_dim=\dimen135
\l__coffin_scaled_width_dim=\dimen136
) (/usr/local/texlive/2015basic/texmf-dist/tex/latex/l3kernel/l3unicode-data.def
File: l3unicode-data.def 2015/03/01 v5544 L3 Unicode data
) (/usr/local/texlive/2015basic/texmf-dist/tex/latex/l3kernel/l3xdvipdfmx.def
File: l3xdvidpfmx.def 2015/03/01 v5544 L3 Experimental driver: xdvipdfmx
)) (/usr/local/texlive/2015basic/texmf-dist/tex/latex/l3packages/xparse/xparse.sty
Package: xparse 2014/11/25 v5471 L3 Experimental document command parser
\l__xparse_current_arg_int=\count114
\l__xparse_m_args_int=\count115
\l__xparse_mandatory_args_int=\count116
\l__xparse_processor_int=\count117
\l__xparse_v_nesting_int=\count118
)
\l_fontspec_script_int=\count119
\l_fontspec_language_int=\count120
\l_fontspec_strnum_int=\count121
\l__fontspec_tmpa_dim=\dimen137
\l__fontspec_tmpb_dim=\dimen138
\l__fontspec_tmpc_dim=\dimen139
Variant \tl_gset:cV already defined; not changing it on line 71
 (/usr/local/texlive/2015basic/texmf-dist/tex/latex/fontspec/fontspec-patches.sty
Package: fontspec-patches 2015/03/14 v2.4c Font selection for XeLaTeX and LuaLaTeX
LaTeX Info: Redefining \em on input line 49.
LaTeX Info: Redefining \emph on input line 57.
LaTeX Info: Redefining \- on input line 60.
.................................................
. LaTeX info: "xparse/redefine-command"
. 
. Redefining command \oldstylenums with sig. 'm' on line 155.
.................................................
.................................................
. LaTeX info: "xparse/define-command"
. 
. Defining command \liningnums with sig. 'm' on line 159.
.................................................
) (/usr/local/texlive/2015basic/texmf-dist/tex/latex/fontspec/fontspec-xetex.sty
Package: fontspec-xetex 2015/03/14 v2.4c Font selection for XeLaTeX and LuaLaTeX
 (/usr/local/texlive/2015basic/texmf-dist/tex/latex/base/fontenc.sty
Package: fontenc 2005/09/27 v1.99g Standard LaTeX package
 (/usr/local/texlive/2015basic/texmf-dist/tex/latex/euenc/eu1enc.def
File: eu1enc.def 2010/05/27 v0.1h Experimental Unicode font encodings
)
LaTeX Font Info:    Try loading font information for EU1+lmr on input line 105.
 (/usr/local/texlive/2015basic/texmf-dist/tex/latex/euenc/eu1lmr.fd
File: eu1lmr.fd 2009/10/30 v1.6 Font defs for Latin Modern
)) (/usr/local/texlive/2015basic/texmf-dist/tex/xelatex/xunicode/xunicode.sty
File: xunicode.sty 2011/09/09 v0.981 provides access to latin accents and many other characters in Unicode lower plane
 (/usr/local/texlive/2015basic/texmf-dist/tex/latex/tipa/t3enc.def
File: t3enc.def 2001/12/31 T3 encoding
LaTeX Font Info:    Try loading font information for EU1+lmss on input line 357.
 (/usr/local/texlive/2015basic/texmf-dist/tex/latex/euenc/eu1lmss.fd
File: eu1lmss.fd 2009/10/30 v1.6 Font defs for Latin Modern
))
\tipaTiiicode=\count122
\tipasavetokens=\toks14
\tipachecktokens=\toks15
 (/usr/local/texlive/2015basic/texmf-dist/tex/latex/graphics/graphicx.sty
Package: graphicx 2014/10/28 v1.0g Enhanced LaTeX Graphics (DPC,SPQR)
 (/usr/local/texlive/2015basic/texmf-dist/tex/latex/graphics/keyval.sty
Package: keyval 2014/10/28 v1.15 key=value parser (DPC)
\KV@toks@=\toks16
) (/usr/local/texlive/2015basic/texmf-dist/tex/latex/graphics/graphics.sty
Package: graphics 2014/10/28 v1.0p Standard LaTeX Graphics (DPC,SPQR)
 (/usr/local/texlive/2015basic/texmf-dist/tex/latex/graphics/trig.sty
Package: trig 1999/03/16 v1.09 sin cos tan (DPC)
) (/usr/local/texlive/2015basic/texmf-dist/tex/latex/latexconfig/graphics.cfg
File: graphics.cfg 2010/04/23 v1.9 graphics configuration of TeX Live
)
Package graphics Info: Driver file: xetex.def on input line 94.
 (/usr/local/texlive/2015basic/texmf-dist/tex/xelatex/xetex-def/xetex.def
File: xetex.def 2015/03/25 v4.04 LaTeX color/graphics driver for XeTeX (TeX Live/RRM/JK)
))
\Gin@req@height=\dimen140
\Gin@req@width=\dimen141
))
.................................................
. LaTeX info: "xparse/define-command"
. 
. Defining command \__fontspec_post_arg:w with sig. 'mmO{}' on line 42.
.................................................
.................................................
. LaTeX info: "xparse/define-command"
. 
. Defining command \fontspec with sig. 'om' on line 44.
.................................................
.................................................
. LaTeX info: "xparse/define-command"
. 
. Defining command \setmainfont with sig. 'om' on line 54.
.................................................
.................................................
. LaTeX info: "xparse/define-command"
. 
. Defining command \setsansfont with sig. 'om' on line 64.
.................................................
.................................................
. LaTeX info: "xparse/define-command"
. 
. Defining command \setmonofont with sig. 'om' on line 74.
.................................................
.................................................
. LaTeX info: "xparse/define-command"
. 
. Defining command \setmathrm with sig. 'om' on line 88.
.................................................
.................................................
. LaTeX info: "xparse/define-command"
. 
. Defining command \setboldmathrm with sig. 'om' on line 96.
.................................................
.................................................
. LaTeX info: "xparse/define-command"
. 
. Defining command \setmathsf with sig. 'om' on line 104.
.................................................
.................................................
. LaTeX info: "xparse/define-command"
. 
. Defining command \setmathtt with sig. 'om' on line 112.
.................................................
.................................................
. LaTeX info: "xparse/define-command"
. 
. Defining command \newfontfamily with sig. 'mom' on line 126.
.................................................
.................................................
. LaTeX info: "xparse/define-command"
. 
. Defining command \newfontface with sig. 'mom' on line 141.
.................................................
.................................................
. LaTeX info: "xparse/define-command"
. 
. Defining command \defaultfontfeatures with sig. 't+om' on line 155.
.................................................
.................................................
. LaTeX info: "xparse/define-command"
. 
. Defining command \addfontfeatures with sig. 'm' on line 210.
.................................................
.................................................
. LaTeX info: "xparse/define-command"
. 
. Defining command \newfontfeature with sig. 'mm' on line 221.
.................................................
.................................................
. LaTeX info: "xparse/define-command"
. 
. Defining command \newAATfeature with sig. 'mmmm' on line 229.
.................................................
.................................................
. LaTeX info: "xparse/define-command"
. 
. Defining command \newopentypefeature with sig. 'mmm' on line 237.
.................................................
.................................................
. LaTeX info: "xparse/define-command"
. 
. Defining command \aliasfontfeature with sig. 'mm' on line 261.
.................................................
.................................................
. LaTeX info: "xparse/define-command"
. 
. Defining command \aliasfontfeatureoption with sig. 'mmm' on line 270.
.................................................
.................................................
. LaTeX info: "xparse/define-command"
. 
. Defining command \newfontscript with sig. 'mm' on line 275.
.................................................
.................................................
. LaTeX info: "xparse/define-command"
. 
. Defining command \newfontlanguage with sig. 'mm' on line 301.
.................................................
.................................................
. LaTeX info: "xparse/define-command"
. 
. Defining command \DeclareFontsExtensions with sig. 'm' on line 321.
.................................................
Variant \prop_gput:cnV already defined; not changing it on line 704
Variant \prop_gput:cnx already defined; not changing it on line 705
\l__fontspec_tmp_int=\count123
LaTeX Info: Redefining \itshape on input line 2232.
LaTeX Info: Redefining \slshape on input line 2237.
LaTeX Info: Redefining \scshape on input line 2242.
LaTeX Info: Redefining \upshape on input line 2247.

(/usr/local/texlive/2015basic/texmf-dist/tex/latex/fontspec/fontspec.cfg)))
\g__file_internal_ior=\read1
\g__fontspec_family_MinionPro-Regular.otf_int=\count124
.................................................
. fontspec info: "defining-font"
. 
. Font family 'MinionPro-Regular.otf(0)' created for font
. 'MinionPro-Regular.otf' with options
. [Ligatures=TeX,Path=fonts/,BoldFont={MinionPro-Bold.otf},ItalicFont={MinionPro-It.otf}].
. 
. This font family consists of the following shapes:
. 
. * 'normal' with NFSS spec.:
. 
. <->"[fonts/MinionPro-Regular]/OT:script=latn;language=DFLT;mapping=tex-text;"
. 
. * 'small caps' with NFSS spec.:
. 
. <->"[fonts/MinionPro-Regular]/OT:script=latn;language=DFLT;mapping=tex-text;+smcp;"
. and font adjustment code:
. 
. 
. * 'bold' with NFSS spec.:
. <->"[fonts/MinionPro-Bold]/OT:script=latn;language=DFLT;mapping=tex-text;"
. 
. * 'bold small caps' with NFSS spec.:
. 
. <->"[fonts/MinionPro-Bold]/OT:script=latn;language=DFLT;mapping=tex-text;+smcp;"
. and font adjustment code:
. 
. 
. * 'italic' with NFSS spec.:
. <->"[fonts/MinionPro-It]/OT:script=latn;language=DFLT;mapping=tex-text;"
. 
. * 'small caps' with NFSS spec.:
. 
. <->"[fonts/MinionPro-It]/OT:script=latn;language=DFLT;mapping=tex-text;+smcp;"
. and font adjustment code:
. 
.................................................
 (/usr/local/texlive/2015basic/texmf-dist/tex/latex/fancyhdr/fancyhdr.sty
\fancy@headwidth=\skip54
\f@ncyO@elh=\skip55
\f@ncyO@erh=\skip56
\f@ncyO@olh=\skip57
\f@ncyO@orh=\skip58
\f@ncyO@elf=\skip59
\f@ncyO@erf=\skip60
\f@ncyO@olf=\skip61
\f@ncyO@orf=\skip62
)) (/usr/local/texlive/2015basic/texmf-dist/tex/latex/tools/xspace.sty
Package: xspace 2014/10/28 v1.13 Space after command names (DPC,MH)
) (/usr/local/texlive/2015basic/texmf-dist/tex/latex/tools/verbatim.sty
Package: verbatim 2014/10/28 v1.5q LaTeX2e package for verbatim enhancements
\every@verbatim=\toks17
\verbatim@line=\toks18
\verbatim@in@stream=\read2
) (/usr/local/texlive/2015basic/texmf-dist/tex/latex/tools/longtable.sty
Package: longtable 2014/10/28 v4.11 Multi-page Table package (DPC)
\LTleft=\skip63
\LTright=\skip64
\LTpre=\skip65
\LTpost=\skip66
\LTchunksize=\count125
\LTcapwidth=\dimen142
\LT@head=\box41
\LT@firsthead=\box42
\LT@foot=\box43
\LT@lastfoot=\box44
\LT@cols=\count126
\LT@rows=\count127
\c@LT@tables=\count128
\c@LT@chunks=\count129
\LT@p@ftn=\toks19
) (/usr/local/texlive/2015basic/texmf-dist/tex/latex/base/inputenc.sty
Package: inputenc 2015/03/17 v1.2c Input encoding file
\inpenc@prehook=\toks20
\inpenc@posthook=\toks21


/usr/local/texlive/2015basic/texmf-dist/tex/latex/base/inputenc.sty:173: Package inputenc Error: inputenc is not designed for xetex or luatex.
(inputenc)                only UTF-8 supported.

See the inputenc package documentation for explanation.
Type  H <return>  for immediate help.
 ...                                              
                                                  
l.173 \endinput
               
For xelatex or lualatex save the document in UTF-8 encoding
and do not use inputenc, or use the [utf8] option.

) (/usr/local/texlive/2015basic/texmf-dist/tex/latex/base/latexsym.sty
Package: latexsym 1998/08/17 v2.2e Standard LaTeX package (lasy symbols)
\symlasy=\mathgroup5
LaTeX Font Info:    Overwriting symbol font `lasy' in version `bold'
(Font)                  U/lasy/m/n --> U/lasy/b/n on input line 52.
) (/usr/local/texlive/2015basic/texmf-dist/tex/latex/amsmath/amsmath.sty
Package: amsmath 2013/01/14 v2.14 AMS math features
\@mathmargin=\skip67

For additional information on amsmath, use the `?' option.
(/usr/local/texlive/2015basic/texmf-dist/tex/latex/amsmath/amstext.sty
Package: amstext 2000/06/29 v2.01
 (/usr/local/texlive/2015basic/texmf-dist/tex/latex/amsmath/amsgen.sty
File: amsgen.sty 1999/11/30 v2.0
\@emptytoks=\toks22
\ex@=\dimen143
)) (/usr/local/texlive/2015basic/texmf-dist/tex/latex/amsmath/amsbsy.sty
Package: amsbsy 1999/11/29 v1.2d
\pmbraise@=\dimen144
) (/usr/local/texlive/2015basic/texmf-dist/tex/latex/amsmath/amsopn.sty
Package: amsopn 1999/12/14 v2.01 operator names
)
\inf@bad=\count130
LaTeX Info: Redefining \frac on input line 210.
\uproot@=\count131
\leftroot@=\count132
LaTeX Info: Redefining \overline on input line 306.
\classnum@=\count133
\DOTSCASE@=\count134
LaTeX Info: Redefining \ldots on input line 378.
LaTeX Info: Redefining \dots on input line 381.
LaTeX Info: Redefining \cdots on input line 466.
\Mathstrutbox@=\box45
\strutbox@=\box46
\big@size=\dimen145
LaTeX Font Info:    Redeclaring font encoding OML on input line 566.
LaTeX Font Info:    Redeclaring font encoding OMS on input line 567.
\macc@depth=\count135
\c@MaxMatrixCols=\count136
\dotsspace@=\muskip16
\c@parentequation=\count137
\dspbrk@lvl=\count138
\tag@help=\toks23
\row@=\count139
\column@=\count140
\maxfields@=\count141
\andhelp@=\toks24
\eqnshift@=\dimen146
\alignsep@=\dimen147
\tagshift@=\dimen148
\tagwidth@=\dimen149
\totwidth@=\dimen150
\lineht@=\dimen151
\@envbody=\toks25
\multlinegap=\skip68
\multlinetaggap=\skip69
\mathdisplay@stack=\toks26
LaTeX Info: Redefining \[ on input line 2665.
LaTeX Info: Redefining \] on input line 2666.
) (/usr/local/texlive/2015basic/texmf-dist/tex/latex/amscls/amsthm.sty
Package: amsthm 2015/03/04 v2.20.2
\thm@style=\toks27
\thm@bodyfont=\toks28
\thm@headfont=\toks29
\thm@notefont=\toks30
\thm@headpunct=\toks31
\thm@preskip=\skip70
\thm@postskip=\skip71
\thm@headsep=\skip72
\dth@everypar=\toks32
) (/usr/local/texlive/2015basic/texmf-dist/tex/latex/amsfonts/amssymb.sty
Package: amssymb 2013/01/14 v3.01 AMS font symbols
 (/usr/local/texlive/2015basic/texmf-dist/tex/latex/amsfonts/amsfonts.sty
Package: amsfonts 2013/01/14 v3.01 Basic AMSFonts support
\symAMSa=\mathgroup6
\symAMSb=\mathgroup7
LaTeX Font Info:    Overwriting math alphabet `\mathfrak' in version `bold'
(Font)                  U/euf/m/n --> U/euf/b/n on input line 106.
)) (/usr/local/texlive/2015basic/texmf-dist/tex/latex/caption/caption.sty
Package: caption 2013/05/02 v3.3-89 Customizing captions (AR)
 (/usr/local/texlive/2015basic/texmf-dist/tex/latex/caption/caption3.sty
Package: caption3 2013/05/02 v1.6-88 caption3 kernel (AR)
Package caption3 Info: TeX engine: e-TeX on input line 57.
\captionmargin=\dimen152
\captionmargin@=\dimen153
\captionwidth=\dimen154
\caption@tempdima=\dimen155
\caption@indent=\dimen156
\caption@parindent=\dimen157
\caption@hangindent=\dimen158
)
\c@ContinuedFloat=\count142
Package caption Info: longtable package is loaded.
 (/usr/local/texlive/2015basic/texmf-dist/tex/latex/caption/ltcaption.sty
Package: ltcaption 2013/02/03 v1.3-62 longtable captions (AR)
))

./main.tex:27: LaTeX Error: Option clash for package graphicx.

See the LaTeX manual or LaTeX Companion for explanation.
Type  H <return>  for immediate help.
 ...                                              
                                                  
l.27 \usepackage
                {multirow}
The package graphicx has already been loaded with options:
  []
There has now been an attempt to load it with options
  [pdftex]
Adding the global options:
  ,pdftex
to your \documentclass declaration may fix this.
Try typing  <return>  to proceed.

(/usr/local/texlive/2015basic/texmf-dist/tex/latex/multirow/multirow.sty
\bigstrutjot=\dimen159
) (/usr/local/texlive/2015basic/texmf-dist/tex/latex/tools/tabularx.sty
Package: tabularx 2014/10/28 v2.10 `tabularx' package (DPC)
 (/usr/local/texlive/2015basic/texmf-dist/tex/latex/tools/array.sty
Package: array 2014/10/28 v2.4c Tabular extension package (FMi)
\col@sep=\dimen160
\extrarowheight=\dimen161
\NC@list=\toks33
\extratabsurround=\skip73
\backup@length=\skip74
)
\TX@col@width=\dimen162
\TX@old@table=\dimen163
\TX@old@col=\dimen164
\TX@target=\dimen165
\TX@delta=\dimen166
\TX@cols=\count143
\TX@ftn=\toks34
) (/usr/local/texlive/2015basic/texmf-dist/tex/latex/tabulary/tabulary.sty
Package: tabulary 2008/12/01 v0.9 tabulary package (DPC)
\TY@count=\count144
\TY@linewidth=\dimen167
\tymin=\dimen168
\tymax=\dimen169
\TY@tablewidth=\dimen170
) (/usr/local/texlive/2015basic/texmf-dist/tex/latex/wrapfig/wrapfig.sty
\wrapoverhang=\dimen171
\WF@size=\dimen172
\c@WF@wrappedlines=\count145
\WF@box=\box47
\WF@everypar=\toks35
Package: wrapfig 2003/01/31  v 3.6
) (/usr/local/texlive/2015basic/texmf-dist/tex/latex/url/url.sty
\Urlmuskip=\muskip17
Package: url 2013/09/16  ver 3.4  Verb mode for urls, etc.
) (/usr/local/texlive/2015basic/texmf-dist/tex/latex/floatrow/floatrow.sty
Package: floatrow 2008/08/02 v0.3b floatrow: float package extension
\c@float@type=\count146
\float@exts=\toks36
\float@box=\box48
\@floatcapt=\box49
Package floatrow Info: Modified float package code loaded on input line 455.
Package floatrow Info: Modified rotfloat package code loaded on input line 473.
\FR@everyfloat=\toks37
\flrow@foot=\insert233
\FB@wd=\dimen173
\FBo@wd=\dimen174
\FBc@wd=\dimen175
\FBo@ht=\skip75
\FBc@ht=\skip76
\FBf@ht=\skip77
\FBo@max=\skip78
\FBc@max=\skip79
\FBf@max=\skip80
\c@FBl@b=\count147
\floatbox@depth=\count148
\c@FRobj=\count149
\c@FRsobj=\count150
\Xhsize=\skip81
\sXhsize=\skip82
\Zhsize=\skip83
\sZhsize=\skip84
\flrow@rowbox=\box50
\FR@Zunitlength=\dimen176
\c@FBcnt=\count151
\FPOScnt=\count152
\LTleft=\skip85
\LTright=\skip86
\LTleft=\skip87
\LTright=\skip88
\flrow@types=\toks38
) (/usr/local/texlive/2015basic/texmf-dist/tex/latex/hyperref/hyperref.sty
Package: hyperref 2012/11/06 v6.83m Hypertext links for LaTeX
 (/usr/local/texlive/2015basic/texmf-dist/tex/generic/oberdiek/hobsub-hyperref.sty
Package: hobsub-hyperref 2012/05/28 v1.13 Bundle oberdiek, subset hyperref (HO)
 (/usr/local/texlive/2015basic/texmf-dist/tex/generic/oberdiek/hobsub-generic.sty
Package: hobsub-generic 2012/05/28 v1.13 Bundle oberdiek, subset generic (HO)
Package: hobsub 2012/05/28 v1.13 Construct package bundles (HO)
Package: infwarerr 2010/04/08 v1.3 Providing info/warning/error messages (HO)
Package: ltxcmds 2011/11/09 v1.22 LaTeX kernel commands for general use (HO)
Package: ifluatex 2010/03/01 v1.3 Provides the ifluatex switch (HO)
Package ifluatex Info: LuaTeX not detected.
Package: ifvtex 2010/03/01 v1.5 Detect VTeX and its facilities (HO)
Package ifvtex Info: VTeX not detected.
Package: intcalc 2007/09/27 v1.1 Expandable calculations with integers (HO)
Package: ifpdf 2011/01/30 v2.3 Provides the ifpdf switch (HO)
Package ifpdf Info: pdfTeX in PDF mode is not detected.
Package: etexcmds 2011/02/16 v1.5 Avoid name clashes with e-TeX commands (HO)
Package etexcmds Info: Could not find \expanded.
(etexcmds)             That can mean that you are not using pdfTeX 1.50 or
(etexcmds)             that some package has redefined \expanded.
(etexcmds)             In the latter case, load this package earlier.
Package: kvsetkeys 2012/04/25 v1.16 Key value parser (HO)
Package: kvdefinekeys 2011/04/07 v1.3 Define keys (HO)
Package: pdftexcmds 2011/11/29 v0.20 Utility functions of pdfTeX for LuaTeX (HO)
Package pdftexcmds Info: LuaTeX not detected.
Package pdftexcmds Info: pdfTeX >= 1.30 not detected.
Package pdftexcmds Info: \pdf@primitive is available.
Package pdftexcmds Info: \pdf@ifprimitive is available.
Package pdftexcmds Info: \pdfdraftmode not found.
Package: pdfescape 2011/11/25 v1.13 Implements pdfTeX's escape features (HO)
Package: bigintcalc 2012/04/08 v1.3 Expandable calculations on big integers (HO)
Package: bitset 2011/01/30 v1.1 Handle bit-vector datatype (HO)
Package: uniquecounter 2011/01/30 v1.2 Provide unlimited unique counter (HO)
)
Package hobsub Info: Skipping package `hobsub' (already loaded).
Package: letltxmacro 2010/09/02 v1.4 Let assignment for LaTeX macros (HO)
Package: hopatch 2012/05/28 v1.2 Wrapper for package hooks (HO)
Package: xcolor-patch 2011/01/30 xcolor patch
Package: atveryend 2011/06/30 v1.8 Hooks at the very end of document (HO)
Package atveryend Info: \enddocument detected (standard20110627).
Package: atbegshi 2011/10/05 v1.16 At begin shipout hook (HO)
Package: refcount 2011/10/16 v3.4 Data extraction from label references (HO)
Package: hycolor 2011/01/30 v1.7 Color options for hyperref/bookmark (HO)
) (/usr/local/texlive/2015basic/texmf-dist/tex/generic/ifxetex/ifxetex.sty
Package: ifxetex 2010/09/12 v0.6 Provides ifxetex conditional
) (/usr/local/texlive/2015basic/texmf-dist/tex/latex/oberdiek/auxhook.sty
Package: auxhook 2011/03/04 v1.3 Hooks for auxiliary files (HO)
) (/usr/local/texlive/2015basic/texmf-dist/tex/latex/oberdiek/kvoptions.sty
Package: kvoptions 2011/06/30 v3.11 Key value format for package options (HO)
)
\@linkdim=\dimen177
\Hy@linkcounter=\count153
\Hy@pagecounter=\count154
 (/usr/local/texlive/2015basic/texmf-dist/tex/latex/hyperref/pd1enc.def
File: pd1enc.def 2012/11/06 v6.83m Hyperref: PDFDocEncoding definition (HO)
)
\Hy@SavedSpaceFactor=\count155
 (/usr/local/texlive/2015basic/texmf-dist/tex/latex/latexconfig/hyperref.cfg
File: hyperref.cfg 2002/06/06 v1.2 hyperref configuration of TeXLive
)

/usr/local/texlive/2015basic/texmf-dist/tex/latex/hyperref/hyperref.sty:4319: Package hyperref Error: Wrong driver option `pdftex',
(hyperref)                because pdfTeX in PDF mode is not detected.

See the hyperref package documentation for explanation.
Type  H <return>  for immediate help.
 ...                                              
                                                  
l.4319 \ProcessKeyvalOptions{Hyp}
                                 
Try typing  <return>  to proceed.
If that doesn't work, type  X <return>  to quit.

Package hyperref Info: Option `colorlinks' set `true' on input line 4319.
Package hyperref Info: Hyper figures OFF on input line 4443.
Package hyperref Info: Link nesting OFF on input line 4448.
Package hyperref Info: Hyper index ON on input line 4451.
Package hyperref Info: Plain pages OFF on input line 4458.
Package hyperref Info: Backreferencing OFF on input line 4463.
Package hyperref Info: Implicit mode ON; LaTeX internals redefined.
Package hyperref Info: Bookmarks ON on input line 4688.
\c@Hy@tempcnt=\count156
LaTeX Info: Redefining \url on input line 5041.
\XeTeXLinkMargin=\dimen178
\Fld@menulength=\count157
\Field@Width=\dimen179
\Fld@charsize=\dimen180
Package hyperref Info: Hyper figures OFF on input line 6295.
Package hyperref Info: Link nesting OFF on input line 6300.
Package hyperref Info: Hyper index ON on input line 6303.
Package hyperref Info: backreferencing OFF on input line 6310.
Package hyperref Info: Link coloring ON on input line 6313.
Package hyperref Info: Link coloring with OCG OFF on input line 6320.
Package hyperref Info: PDF/A mode OFF on input line 6325.
LaTeX Info: Redefining \ref on input line 6365.
LaTeX Info: Redefining \pageref on input line 6369.
\Hy@abspage=\count158
\c@Item=\count159
\c@Hfootnote=\count160
)

Package hyperref Message: Driver (autodetected): hxetex.

(/usr/local/texlive/2015basic/texmf-dist/tex/latex/hyperref/hxetex.def
File: hxetex.def 2012/11/06 v6.83m Hyperref driver for XeTeX
 (/usr/local/texlive/2015basic/texmf-dist/tex/latex/hyperref/puenc.def
File: puenc.def 2012/11/06 v6.83m Hyperref: PDF Unicode definition (HO)
) (/usr/local/texlive/2015basic/texmf-dist/tex/generic/oberdiek/stringenc.sty
Package: stringenc 2011/12/02 v1.10 Convert strings between diff. encodings (HO)
)
\pdfm@box=\box51
\c@Hy@AnnotLevel=\count161
\HyField@AnnotCount=\count162
\Fld@listcount=\count163
\c@bookmark@seq@number=\count164
 (/usr/local/texlive/2015basic/texmf-dist/tex/latex/oberdiek/rerunfilecheck.sty
Package: rerunfilecheck 2011/04/15 v1.7 Rerun checks for auxiliary files (HO)
Package rerunfilecheck Info: Feature \pdfmdfivesum is not available
(rerunfilecheck)             (e.g. pdfTeX or LuaTeX with package `pdftexcmds').
(rerunfilecheck)             Therefore file contents cannot be checked efficiently
(rerunfilecheck)             and the loading of the package is aborted.
)
\Hy@SectionHShift=\skip89
) (/usr/local/texlive/2015basic/texmf-dist/tex/latex/graphics/lscape.sty
Package: lscape 2000/10/22 v3.01 Landscape Pages (DPC)
) (/usr/local/texlive/2015basic/texmf-dist/tex/latex/base/fontenc.sty
Package: fontenc 2005/09/27 v1.99g Standard LaTeX package
 (/usr/local/texlive/2015basic/texmf-dist/tex/latex/base/t1enc.def
File: t1enc.def 2005/09/27 v1.99g Standard LaTeX file
LaTeX Font Info:    Redeclaring font encoding T1 on input line 48.
)
LaTeX Font Info:    Try loading font information for T1+MinionPro-Regular.otf(0) on input line 105.
LaTeX Font Info:    No file T1MinionPro-Regular.otf(0).fd. on input line 105.


LaTeX Font Warning: Font shape `T1/MinionPro-Regular.otf(0)/m/n' undefined
(Font)              using `T1/cmr/m/n' instead on input line 105.

) (/usr/local/texlive/2015basic/texmf-dist/tex/latex/graphics/epsfig.sty
Package: epsfig 1999/02/16 v1.7a (e)psfig emulation (SPQR)
\epsfxsize=\dimen181
\epsfysize=\dimen182
) (/usr/local/texlive/2015basic/texmf-dist/tex/latex/enumitem/enumitem.sty
Package: enumitem 2011/09/28 v3.5.2 Customized lists
\labelindent=\skip90
\enit@outerparindent=\dimen183
\enit@toks=\toks39
\enit@inbox=\box52
\enitdp@description=\count165
) (/usr/local/texlive/2015basic/texmf-dist/tex/latex/graphics/color.sty
Package: color 2014/10/28 v1.1a Standard LaTeX Color (DPC)
 (/usr/local/texlive/2015basic/texmf-dist/tex/latex/latexconfig/color.cfg
File: color.cfg 2007/01/18 v1.5 color configuration of teTeX/TeXLive
)
Package color Info: Driver file: xetex.def on input line 142.
)
Package color Info: Redefining color red on input line 52.
Package color Info: Redefining color blue on input line 53.
Package color Info: Redefining color white on input line 54.
 (./01title.tex) (/Users/xiangchen/Documents/Writing/_nsf_template/.texpadtmp/main.aux)
\openout1 = `main.aux'.

LaTeX Font Info:    Checking defaults for OML/cmm/m/it on input line 113.
LaTeX Font Info:    ... okay on input line 113.
LaTeX Font Info:    Checking defaults for T1/cmr/m/n on input line 113.
LaTeX Font Info:    ... okay on input line 113.
LaTeX Font Info:    Checking defaults for OT1/cmr/m/n on input line 113.
LaTeX Font Info:    ... okay on input line 113.
LaTeX Font Info:    Checking defaults for OMS/cmsy/m/n on input line 113.
LaTeX Font Info:    ... okay on input line 113.
LaTeX Font Info:    Checking defaults for OMX/cmex/m/n on input line 113.
LaTeX Font Info:    ... okay on input line 113.
LaTeX Font Info:    Checking defaults for U/cmr/m/n on input line 113.
LaTeX Font Info:    ... okay on input line 113.
LaTeX Font Info:    Checking defaults for EU1/lmr/m/n on input line 113.
LaTeX Font Info:    ... okay on input line 113.
LaTeX Font Info:    Checking defaults for T3/cmr/m/n on input line 113.
LaTeX Font Info:    Try loading font information for T3+cmr on input line 113.
 (/usr/local/texlive/2015basic/texmf-dist/tex/latex/tipa/t3cmr.fd
File: t3cmr.fd 2001/12/31 TIPA font definitions
)
LaTeX Font Info:    ... okay on input line 113.
LaTeX Font Info:    Checking defaults for PD1/pdf/m/n on input line 113.
LaTeX Font Info:    ... okay on input line 113.
LaTeX Font Info:    Checking defaults for PU/pdf/m/n on input line 113.
LaTeX Font Info:    ... okay on input line 113.

*** you should *not* be loading the inputenc package
*** XeTeX expects the source to be in UTF8 encoding
*** some features of other encodings may conflict, resulting in poor output.
Package caption Info: Begin \AtBeginDocument code.
Package caption Info: floatrow package is loaded.
Package caption Info: float package is loaded.
Package caption Info: floatrow package is loaded.
Package caption Info: hyperref package is loaded.
Package caption Info: wrapfig package is loaded.
Package caption Info: End \AtBeginDocument code.
(/usr/local/texlive/2015basic/texmf-dist/tex/latex/fr-longtable/fr-longtable.sty
Package: fr-longtable 2007/11/28 v0.1b (beta) floatrow: additions for longtable
\flrow@LT@lasthead=\box53
\flrow@LT@prelastfoot=\box54
\c@FBLTpage=\count166
)
\AtBeginShipoutBox=\box55
Package hyperref Info: Link coloring ON on input line 113.
 (/usr/local/texlive/2015basic/texmf-dist/tex/latex/hyperref/nameref.sty
Package: nameref 2012/10/27 v2.43 Cross-referencing by name of section
 (/usr/local/texlive/2015basic/texmf-dist/tex/generic/oberdiek/gettitlestring.sty
Package: gettitlestring 2010/12/03 v1.4 Cleanup title references (HO)
)
\c@section@level=\count167
)
LaTeX Info: Redefining \ref on input line 113.
LaTeX Info: Redefining \pageref on input line 113.
LaTeX Info: Redefining \nameref on input line 113.
 (/Users/xiangchen/Documents/Writing/_nsf_template/.texpadtmp/main.out) (/Users/xiangchen/Documents/Writing/_nsf_template/.texpadtmp/main.out)
\@outlinefile=\write3
\openout3 = `main.out'.

 (./02summary.tex

LaTeX Font Warning: Font shape `T1/MinionPro-Regular.otf(0)/bx/n' undefined
(Font)              using `T1/MinionPro-Regular.otf(0)/m/n' instead on input line 4.

) (/usr/local/texlive/2015basic/texmf-dist/tex/generic/oberdiek/se-ascii-print.def
File: se-ascii-print.def 2011/12/02 v1.10 stringenc: Printable ASCII characters
) [1

]
Underfull \hbox (badness 10000) in paragraph at lines 148--149

 []

(./03description.tex (./031intro.tex) (./032background.tex
Missing character: There is no ’ in font ecrm1440!
) (./033research.tex) (./034current.tex) (./035plan.tex
LaTeX Font Info:    Try loading font information for OT1+ppl on input line 6.
 (/usr/local/texlive/2015basic/texmf-dist/tex/latex/psnfss/ot1ppl.fd
File: ot1ppl.fd 2001/06/04 font definitions for OT1/ppl.
)
LaTeX Font Info:    Try loading font information for OML+zplm on input line 6.
 (/usr/local/texlive/2015basic/texmf-dist/tex/latex/psnfss/omlzplm.fd
File: omlzplm.fd 2002/09/08 Fontinst v1.914 font definitions for OML/zplm.
)
LaTeX Font Info:    Try loading font information for OMS+zplm on input line 6.
 (/usr/local/texlive/2015basic/texmf-dist/tex/latex/psnfss/omszplm.fd
File: omszplm.fd 2002/09/08 Fontinst v1.914 font definitions for OMS/zplm.
)
LaTeX Font Info:    Try loading font information for OMX+zplm on input line 6.
 (/usr/local/texlive/2015basic/texmf-dist/tex/latex/psnfss/omxzplm.fd
File: omxzplm.fd 2002/09/08 Fontinst v1.914 font definitions for OMX/zplm.
)
LaTeX Font Info:    Try loading font information for OT1+zplm on input line 6.
 (/usr/local/texlive/2015basic/texmf-dist/tex/latex/psnfss/ot1zplm.fd
File: ot1zplm.fd 2002/09/08 Fontinst v1.914 font definitions for OT1/zplm.
)
LaTeX Font Info:    Try loading font information for U+lasy on input line 6.
 (/usr/local/texlive/2015basic/texmf-dist/tex/latex/base/ulasy.fd
File: ulasy.fd 1998/08/17 v2.2e LaTeX symbol font definitions
)
LaTeX Font Info:    Font shape `U/msa/m/n' will be
(Font)              scaled to size 9.37807pt on input line 6.
LaTeX Font Info:    Font shape `U/msa/m/n' will be
(Font)              scaled to size 7.29405pt on input line 6.
LaTeX Font Info:    Font shape `U/msa/m/n' will be
(Font)              scaled to size 5.21004pt on input line 6.
LaTeX Font Info:    Font shape `U/msb/m/n' will be
(Font)              scaled to size 9.37807pt on input line 6.
LaTeX Font Info:    Font shape `U/msb/m/n' will be
(Font)              scaled to size 7.29405pt on input line 6.
LaTeX Font Info:    Font shape `U/msb/m/n' will be
(Font)              scaled to size 5.21004pt on input line 6.

Overfull \hbox (199.90125pt too wide) in paragraph at lines 8--8
[]|\T1/MinionPro-Regular.otf(0)/bx/n/9 Research ac-tiv-ity                                                                                          | 
 []


Overfull \hbox (6.1261pt too wide) in paragraph at lines 8--8
[]|\T1/MinionPro-Regular.otf(0)/bx/n/9 Q1| 
 []


Overfull \hbox (4.70338pt too wide) in paragraph at lines 8--8
[]|\T1/MinionPro-Regular.otf(0)/bx/n/9 Q2| 
 []


Overfull \hbox (4.70338pt too wide) in paragraph at lines 8--8
[]|\T1/MinionPro-Regular.otf(0)/bx/n/9 Q3| 
 []


Overfull \hbox (4.70338pt too wide) in paragraph at lines 8--8
[]|\T1/MinionPro-Regular.otf(0)/bx/n/9 Q4| 
 []


Overfull \hbox (4.70338pt too wide) in paragraph at lines 8--8
[]|\T1/MinionPro-Regular.otf(0)/bx/n/9 Q5| 
 []


Overfull \hbox (4.70338pt too wide) in paragraph at lines 8--8
[]|\T1/MinionPro-Regular.otf(0)/bx/n/9 Q6| 
 []


Overfull \hbox (4.70338pt too wide) in paragraph at lines 8--8
[]|\T1/MinionPro-Regular.otf(0)/bx/n/9 Q7| 
 []


Overfull \hbox (13.95113pt too wide) in paragraph at lines 8--9
[]|\T1/MinionPro-Regular.otf(0)/bx/n/9 Q8  | 
 []


Overfull \hbox (7.1216pt too wide) in paragraph at lines 10--10
[]\T1/MinionPro-Regular.otf(0)/bx/n/9 3.1  
 []


Underfull \hbox (badness 10000) in paragraph at lines 10--10
[]|\T1/MinionPro-Regular.otf(0)/bx/n/9 Analyze pub-li-ca-tions on vi-su-al-iz-ing in-tel-li-gent sys-tems
 []


Overfull \hbox (1.82443pt too wide) in paragraph at lines 10--10
[]|$\OMS/zplm/m/n/9 ^^B$| 
 []


Overfull \hbox (18.8972pt too wide) in paragraph at lines 10--10
[]|$\OMS/zplm/m/n/9 ^^B$\T1/MinionPro-Regular.otf(0)/bx/n/9     | 
 []


Overfull \hbox (11.38231pt too wide) in paragraph at lines 10--10
[]|\T1/MinionPro-Regular.otf(0)/bx/n/9     | 
 []


Overfull \hbox (11.38231pt too wide) in paragraph at lines 10--10
[]|\T1/MinionPro-Regular.otf(0)/bx/n/9     | 
 []


Overfull \hbox (11.38231pt too wide) in paragraph at lines 10--10
[]|\T1/MinionPro-Regular.otf(0)/bx/n/9     | 
 []


Overfull \hbox (11.38231pt too wide) in paragraph at lines 10--10
[]|\T1/MinionPro-Regular.otf(0)/bx/n/9     | 
 []


Overfull \hbox (11.38231pt too wide) in paragraph at lines 10--10
[]|\T1/MinionPro-Regular.otf(0)/bx/n/9     | 
 []


Overfull \hbox (16.00618pt too wide) in paragraph at lines 10--11
[]|\T1/MinionPro-Regular.otf(0)/bx/n/9      | 
 []


Overfull \hbox (74.69377pt too wide) in paragraph at lines 12--12
[]|\T1/MinionPro-Regular.otf(0)/bx/n/9                   | 
 []


Underfull \hbox (badness 10000) in paragraph at lines 12--12
[]|\T1/MinionPro-Regular.otf(0)/bx/n/9 Develop & con-sol-i-date de-sign di-men-
 []


Overfull \hbox (174.3659pt too wide) in paragraph at lines 12--12
\T1/MinionPro-Regular.otf(0)/bx/n/9 sions                                                                                               | 
 []


Overfull \hbox (12.80502pt too wide) in paragraph at lines 12--12
[]|\T1/MinionPro-Regular.otf(0)/bx/n/9     | 
 []


Overfull \hbox (18.8972pt too wide) in paragraph at lines 12--12
[]|$\OMS/zplm/m/n/9 ^^B$\T1/MinionPro-Regular.otf(0)/bx/n/9     | 
 []


Overfull \hbox (18.8972pt too wide) in paragraph at lines 12--12
[]|$\OMS/zplm/m/n/9 ^^B$\T1/MinionPro-Regular.otf(0)/bx/n/9     | 
 []


Overfull \hbox (11.38231pt too wide) in paragraph at lines 12--12
[]|\T1/MinionPro-Regular.otf(0)/bx/n/9     | 
 []


Overfull \hbox (18.8972pt too wide) in paragraph at lines 12--12
[]|$\OMS/zplm/m/n/9 ^^B$\T1/MinionPro-Regular.otf(0)/bx/n/9     | 
 []


Overfull \hbox (11.38231pt too wide) in paragraph at lines 12--12
[]|\T1/MinionPro-Regular.otf(0)/bx/n/9     | 
 []


Overfull \hbox (11.38231pt too wide) in paragraph at lines 12--12
[]|\T1/MinionPro-Regular.otf(0)/bx/n/9     | 
 []


Overfull \hbox (23.52107pt too wide) in paragraph at lines 12--13
[]|$\OMS/zplm/m/n/9 ^^B$\T1/MinionPro-Regular.otf(0)/bx/n/9      | 
 []


Overfull \hbox (7.1216pt too wide) in paragraph at lines 14--14
[]\T1/MinionPro-Regular.otf(0)/bx/n/9 3.2  
 []


Underfull \hbox (badness 10000) in paragraph at lines 14--14
[]|\T1/MinionPro-Regular.otf(0)/bx/n/9 Get IRB ap-proval for the sur-vey
 []


Overfull \hbox (223.12204pt too wide) in paragraph at lines 14--14
\T1/MinionPro-Regular.otf(0)/bx/n/9 study                                                                                                         | 
 []


Overfull \hbox (20.31992pt too wide) in paragraph at lines 14--14
[]|$\OMS/zplm/m/n/9 ^^B$\T1/MinionPro-Regular.otf(0)/bx/n/9     | 
 []


Overfull \hbox (11.38231pt too wide) in paragraph at lines 14--14
[]|\T1/MinionPro-Regular.otf(0)/bx/n/9     | 
 []


Overfull \hbox (11.38231pt too wide) in paragraph at lines 14--14
[]|\T1/MinionPro-Regular.otf(0)/bx/n/9     | 
 []


Overfull \hbox (11.38231pt too wide) in paragraph at lines 14--14
[]|\T1/MinionPro-Regular.otf(0)/bx/n/9     | 
 []


Overfull \hbox (11.38231pt too wide) in paragraph at lines 14--14
[]|\T1/MinionPro-Regular.otf(0)/bx/n/9     | 
 []


Overfull \hbox (11.38231pt too wide) in paragraph at lines 14--14
[]|\T1/MinionPro-Regular.otf(0)/bx/n/9     | 
 []


Overfull \hbox (11.38231pt too wide) in paragraph at lines 14--14
[]|\T1/MinionPro-Regular.otf(0)/bx/n/9     | 
 []


Overfull \hbox (16.00618pt too wide) in paragraph at lines 14--15
[]|\T1/MinionPro-Regular.otf(0)/bx/n/9      | 
 []


Overfull \hbox (74.69377pt too wide) in paragraph at lines 16--16
[]|\T1/MinionPro-Regular.otf(0)/bx/n/9                   | 
 []


Underfull \hbox (badness 10000) in paragraph at lines 16--16
[]|\T1/MinionPro-Regular.otf(0)/bx/n/9 Distribute sur-vey & an-a-lyze col-lected
 []


Overfull \hbox (158.85027pt too wide) in paragraph at lines 16--16
\T1/MinionPro-Regular.otf(0)/bx/n/9 data                                                                                            | 
 []


Overfull \hbox (12.80502pt too wide) in paragraph at lines 16--16
[]|\T1/MinionPro-Regular.otf(0)/bx/n/9     | 
 []


Overfull \hbox (18.8972pt too wide) in paragraph at lines 16--16
[]|$\OMS/zplm/m/n/9 ^^B$\T1/MinionPro-Regular.otf(0)/bx/n/9     | 
 []


Overfull \hbox (18.8972pt too wide) in paragraph at lines 16--16
[]|$\OMS/zplm/m/n/9 ^^B$\T1/MinionPro-Regular.otf(0)/bx/n/9     | 
 []


Overfull \hbox (11.38231pt too wide) in paragraph at lines 16--16
[]|\T1/MinionPro-Regular.otf(0)/bx/n/9     | 
 []


Overfull \hbox (11.38231pt too wide) in paragraph at lines 16--16
[]|\T1/MinionPro-Regular.otf(0)/bx/n/9     | 
 []


Overfull \hbox (11.38231pt too wide) in paragraph at lines 16--16
[]|\T1/MinionPro-Regular.otf(0)/bx/n/9     | 
 []


Overfull \hbox (11.38231pt too wide) in paragraph at lines 16--16
[]|\T1/MinionPro-Regular.otf(0)/bx/n/9     | 
 []


Overfull \hbox (16.00618pt too wide) in paragraph at lines 16--17
[]|\T1/MinionPro-Regular.otf(0)/bx/n/9      | 
 []


Overfull \hbox (74.69377pt too wide) in paragraph at lines 18--18
[]|\T1/MinionPro-Regular.otf(0)/bx/n/9                   | 
 []


Underfull \hbox (badness 10000) in paragraph at lines 18--18
[]|\T1/MinionPro-Regular.otf(0)/bx/n/9 Get IRB ap-proval for the ob-ser-va-tional
 []


Overfull \hbox (213.8743pt too wide) in paragraph at lines 18--18
\T1/MinionPro-Regular.otf(0)/bx/n/9 study                                                                                                       | 
 []


Overfull \hbox (20.31992pt too wide) in paragraph at lines 18--18
[]|$\OMS/zplm/m/n/9 ^^B$\T1/MinionPro-Regular.otf(0)/bx/n/9     | 
 []


Overfull \hbox (11.38231pt too wide) in paragraph at lines 18--18
[]|\T1/MinionPro-Regular.otf(0)/bx/n/9     | 
 []


Overfull \hbox (11.38231pt too wide) in paragraph at lines 18--18
[]|\T1/MinionPro-Regular.otf(0)/bx/n/9     | 
 []


Overfull \hbox (11.38231pt too wide) in paragraph at lines 18--18
[]|\T1/MinionPro-Regular.otf(0)/bx/n/9     | 
 []


Overfull \hbox (11.38231pt too wide) in paragraph at lines 18--18
[]|\T1/MinionPro-Regular.otf(0)/bx/n/9     | 
 []


Overfull \hbox (11.38231pt too wide) in paragraph at lines 18--18
[]|\T1/MinionPro-Regular.otf(0)/bx/n/9     | 
 []


Overfull \hbox (11.38231pt too wide) in paragraph at lines 18--18
[]|\T1/MinionPro-Regular.otf(0)/bx/n/9     | 
 []


Overfull \hbox (16.00618pt too wide) in paragraph at lines 18--19
[]|\T1/MinionPro-Regular.otf(0)/bx/n/9      | 
 []


Overfull \hbox (74.69377pt too wide) in paragraph at lines 20--20
[]|\T1/MinionPro-Regular.otf(0)/bx/n/9                   | 
 []


Underfull \hbox (badness 10000) in paragraph at lines 20--20
[]|\T1/MinionPro-Regular.otf(0)/bx/n/9 Recruit me-chan-i-cal en-gi-neers & con-duct
 []


Overfull \hbox (200.00269pt too wide) in paragraph at lines 20--20
\T1/MinionPro-Regular.otf(0)/bx/n/9 study                                                                                                    | 
 []


Overfull \hbox (12.80502pt too wide) in paragraph at lines 20--20
[]|\T1/MinionPro-Regular.otf(0)/bx/n/9     | 
 []


Overfull \hbox (18.8972pt too wide) in paragraph at lines 20--20
[]|$\OMS/zplm/m/n/9 ^^B$\T1/MinionPro-Regular.otf(0)/bx/n/9     | 
 []


Overfull \hbox (18.8972pt too wide) in paragraph at lines 20--20
[]|$\OMS/zplm/m/n/9 ^^B$\T1/MinionPro-Regular.otf(0)/bx/n/9     | 
 []


Overfull \hbox (11.38231pt too wide) in paragraph at lines 20--20
[]|\T1/MinionPro-Regular.otf(0)/bx/n/9     | 
 []


Overfull \hbox (11.38231pt too wide) in paragraph at lines 20--20
[]|\T1/MinionPro-Regular.otf(0)/bx/n/9     | 
 []


Overfull \hbox (11.38231pt too wide) in paragraph at lines 20--20
[]|\T1/MinionPro-Regular.otf(0)/bx/n/9     | 
 []


Overfull \hbox (11.38231pt too wide) in paragraph at lines 20--20
[]|\T1/MinionPro-Regular.otf(0)/bx/n/9     | 
 []


Overfull \hbox (16.00618pt too wide) in paragraph at lines 20--21
[]|\T1/MinionPro-Regular.otf(0)/bx/n/9      | 
 []


Overfull \hbox (74.69377pt too wide) in paragraph at lines 22--22
[]|\T1/MinionPro-Regular.otf(0)/bx/n/9                   | 
 []


Underfull \hbox (badness 10000) in paragraph at lines 22--22
[]|\T1/MinionPro-Regular.otf(0)/bx/n/9 Recruit med-i-cal pro-fes-sion-als & con-duct
 []


Overfull \hbox (200.00269pt too wide) in paragraph at lines 22--22
\T1/MinionPro-Regular.otf(0)/bx/n/9 study                                                                                                    | 
 []


Overfull \hbox (12.80502pt too wide) in paragraph at lines 22--22
[]|\T1/MinionPro-Regular.otf(0)/bx/n/9     | 
 []


Overfull \hbox (2.13457pt too wide) in paragraph at lines 22--22
[]|\T1/MinionPro-Regular.otf(0)/bx/n/9   | 
 []


Overfull \hbox (18.8972pt too wide) in paragraph at lines 22--22
[]|$\OMS/zplm/m/n/9 ^^B$\T1/MinionPro-Regular.otf(0)/bx/n/9     | 
 []


Overfull \hbox (28.14494pt too wide) in paragraph at lines 22--22
[]|$\OMS/zplm/m/n/9 ^^B$\T1/MinionPro-Regular.otf(0)/bx/n/9       | 
 []


Overfull \hbox (11.38231pt too wide) in paragraph at lines 22--22
[]|\T1/MinionPro-Regular.otf(0)/bx/n/9     | 
 []


Overfull \hbox (11.38231pt too wide) in paragraph at lines 22--22
[]|\T1/MinionPro-Regular.otf(0)/bx/n/9     | 
 []


Overfull \hbox (11.38231pt too wide) in paragraph at lines 22--22
[]|\T1/MinionPro-Regular.otf(0)/bx/n/9     | 
 []


Overfull \hbox (16.00618pt too wide) in paragraph at lines 22--23
[]|\T1/MinionPro-Regular.otf(0)/bx/n/9      | 
 []


Overfull \hbox (304.61041pt too wide) in paragraph at lines 23--23
[]|\T1/MinionPro-Regular.otf(0)/bx/n/9 Analyze and con-sol-i-date study data                                                                                                 | 
 []


Overfull \hbox (12.80502pt too wide) in paragraph at lines 23--23
[]|\T1/MinionPro-Regular.otf(0)/bx/n/9     | 
 []


Overfull \hbox (9.64946pt too wide) in paragraph at lines 23--23
[]|$\OMS/zplm/m/n/9 ^^B$\T1/MinionPro-Regular.otf(0)/bx/n/9   | 
 []


Overfull \hbox (9.64946pt too wide) in paragraph at lines 23--23
[]|$\OMS/zplm/m/n/9 ^^B$\T1/MinionPro-Regular.otf(0)/bx/n/9   | 
 []


Overfull \hbox (18.8972pt too wide) in paragraph at lines 23--23
[]|$\OMS/zplm/m/n/9 ^^B$\T1/MinionPro-Regular.otf(0)/bx/n/9     | 
 []


Overfull \hbox (6.75844pt too wide) in paragraph at lines 23--23
[]|\T1/MinionPro-Regular.otf(0)/bx/n/9    | 
 []


Overfull \hbox (11.38231pt too wide) in paragraph at lines 23--23
[]|\T1/MinionPro-Regular.otf(0)/bx/n/9     | 
 []


Overfull \hbox (11.38231pt too wide) in paragraph at lines 23--23
[]|\T1/MinionPro-Regular.otf(0)/bx/n/9     | 
 []


Overfull \hbox (16.00618pt too wide) in paragraph at lines 23--24
[]|\T1/MinionPro-Regular.otf(0)/bx/n/9      | 
 []


Overfull \hbox (7.1216pt too wide) in paragraph at lines 26--26
[]\T1/MinionPro-Regular.otf(0)/bx/n/9 3.3  
 []


Underfull \hbox (badness 10000) in paragraph at lines 26--26
[]|\T1/MinionPro-Regular.otf(0)/bx/n/9 Construct a com-pu-ta-tional li-brary of vi-sual rep-re-sen-ta-
 []


Overfull \hbox (12.80502pt too wide) in paragraph at lines 26--26
[]|\T1/MinionPro-Regular.otf(0)/bx/n/9     | 
 []


Overfull \hbox (11.38231pt too wide) in paragraph at lines 26--26
[]|\T1/MinionPro-Regular.otf(0)/bx/n/9     | 
 []


Overfull \hbox (28.14494pt too wide) in paragraph at lines 26--26
[]|$\OMS/zplm/m/n/9 ^^B$\T1/MinionPro-Regular.otf(0)/bx/n/9       | 
 []


Overfull \hbox (23.52107pt too wide) in paragraph at lines 26--26
[]|$\OMS/zplm/m/n/9 ^^B$\T1/MinionPro-Regular.otf(0)/bx/n/9      | 
 []


Overfull \hbox (23.52107pt too wide) in paragraph at lines 26--26
[]|$\OMS/zplm/m/n/9 ^^B$\T1/MinionPro-Regular.otf(0)/bx/n/9      | 
 []


Overfull \hbox (6.75844pt too wide) in paragraph at lines 26--26
[]|\T1/MinionPro-Regular.otf(0)/bx/n/9    | 
 []


Overfull \hbox (11.38231pt too wide) in paragraph at lines 26--26
[]|\T1/MinionPro-Regular.otf(0)/bx/n/9     | 
 []


Overfull \hbox (16.00618pt too wide) in paragraph at lines 26--27
[]|\T1/MinionPro-Regular.otf(0)/bx/n/9      | 
 []


Overfull \hbox (74.69377pt too wide) in paragraph at lines 28--28
[]|\T1/MinionPro-Regular.otf(0)/bx/n/9                   | 
 []


Overfull \hbox (12.80502pt too wide) in paragraph at lines 28--28
[]|\T1/MinionPro-Regular.otf(0)/bx/n/9     | 
 []


Overfull \hbox (11.38231pt too wide) in paragraph at lines 28--28
[]|\T1/MinionPro-Regular.otf(0)/bx/n/9     | 
 []


Overfull \hbox (11.38231pt too wide) in paragraph at lines 28--28
[]|\T1/MinionPro-Regular.otf(0)/bx/n/9     | 
 []


Overfull \hbox (18.8972pt too wide) in paragraph at lines 28--28
[]|$\OMS/zplm/m/n/9 ^^B$\T1/MinionPro-Regular.otf(0)/bx/n/9     | 
 []


Overfull \hbox (23.52107pt too wide) in paragraph at lines 28--28
[]|$\OMS/zplm/m/n/9 ^^B$\T1/MinionPro-Regular.otf(0)/bx/n/9      | 
 []


Overfull \hbox (23.52107pt too wide) in paragraph at lines 28--28
[]|$\OMS/zplm/m/n/9 ^^B$\T1/MinionPro-Regular.otf(0)/bx/n/9      | 
 []


Overfull \hbox (16.00618pt too wide) in paragraph at lines 28--28
[]|\T1/MinionPro-Regular.otf(0)/bx/n/9      | 
 []


Overfull \hbox (16.00618pt too wide) in paragraph at lines 28--29
[]|\T1/MinionPro-Regular.otf(0)/bx/n/9      | 
 []


Overfull \hbox (74.69377pt too wide) in paragraph at lines 30--30
[]|\T1/MinionPro-Regular.otf(0)/bx/n/9                   | 
 []


Underfull \hbox (badness 1048) in paragraph at lines 30--30
[]|\T1/MinionPro-Regular.otf(0)/bx/n/9 Efficiently re-com-pute vi-su-al-iza-tions based on in-ter-ac-tive user in-
 []


Overfull \hbox (12.80502pt too wide) in paragraph at lines 30--30
[]|\T1/MinionPro-Regular.otf(0)/bx/n/9     | 
 []


Overfull \hbox (11.38231pt too wide) in paragraph at lines 30--30
[]|\T1/MinionPro-Regular.otf(0)/bx/n/9     | 
 []


Overfull \hbox (11.38231pt too wide) in paragraph at lines 30--30
[]|\T1/MinionPro-Regular.otf(0)/bx/n/9     | 
 []


Overfull \hbox (11.38231pt too wide) in paragraph at lines 30--30
[]|\T1/MinionPro-Regular.otf(0)/bx/n/9     | 
 []


Overfull \hbox (18.8972pt too wide) in paragraph at lines 30--30
[]|$\OMS/zplm/m/n/9 ^^B$\T1/MinionPro-Regular.otf(0)/bx/n/9     | 
 []


Overfull \hbox (23.52107pt too wide) in paragraph at lines 30--30
[]|$\OMS/zplm/m/n/9 ^^B$\T1/MinionPro-Regular.otf(0)/bx/n/9      | 
 []


Overfull \hbox (23.52107pt too wide) in paragraph at lines 30--30
[]|$\OMS/zplm/m/n/9 ^^B$\T1/MinionPro-Regular.otf(0)/bx/n/9      | 
 []


Overfull \hbox (20.63005pt too wide) in paragraph at lines 30--31
[]|\T1/MinionPro-Regular.otf(0)/bx/n/9       | 
 []


Overfull \hbox (74.69377pt too wide) in paragraph at lines 32--32
[]|\T1/MinionPro-Regular.otf(0)/bx/n/9                   | 
 []


Overfull \hbox (12.80502pt too wide) in paragraph at lines 32--32
[]|\T1/MinionPro-Regular.otf(0)/bx/n/9     | 
 []


Overfull \hbox (11.38231pt too wide) in paragraph at lines 32--32
[]|\T1/MinionPro-Regular.otf(0)/bx/n/9     | 
 []


Overfull \hbox (11.38231pt too wide) in paragraph at lines 32--32
[]|\T1/MinionPro-Regular.otf(0)/bx/n/9     | 
 []


Overfull \hbox (11.38231pt too wide) in paragraph at lines 32--32
[]|\T1/MinionPro-Regular.otf(0)/bx/n/9     | 
 []


Overfull \hbox (18.8972pt too wide) in paragraph at lines 32--32
[]|$\OMS/zplm/m/n/9 ^^B$\T1/MinionPro-Regular.otf(0)/bx/n/9     | 
 []


Overfull \hbox (11.38231pt too wide) in paragraph at lines 32--32
[]|\T1/MinionPro-Regular.otf(0)/bx/n/9     | 
 []


Overfull \hbox (23.52107pt too wide) in paragraph at lines 32--32
[]|$\OMS/zplm/m/n/9 ^^B$\T1/MinionPro-Regular.otf(0)/bx/n/9      | 
 []


Overfull \hbox (28.14494pt too wide) in paragraph at lines 32--33
[]|$\OMS/zplm/m/n/9 ^^B$\T1/MinionPro-Regular.otf(0)/bx/n/9       | 
 []


Overfull \hbox (2.39108pt too wide) in paragraph at lines 6--36
 [][] 
 []

) (./036past.tex)) [1] (/Users/xiangchen/Documents/Writing/_nsf_template/.texpadtmp/main.bbl

LaTeX Font Warning: Font shape `T1/MinionPro-Regular.otf(0)/m/it' undefined
(Font)              using `T1/MinionPro-Regular.otf(0)/m/n' instead on input line 12.

LaTeX Font Info:    Font shape `U/msa/m/n' will be
(Font)              scaled to size 11.40997pt on input line 13.
LaTeX Font Info:    Font shape `U/msa/m/n' will be
(Font)              scaled to size 8.33606pt on input line 13.
LaTeX Font Info:    Font shape `U/msa/m/n' will be
(Font)              scaled to size 6.25204pt on input line 13.
LaTeX Font Info:    Font shape `U/msb/m/n' will be
(Font)              scaled to size 11.40997pt on input line 13.
LaTeX Font Info:    Font shape `U/msb/m/n' will be
(Font)              scaled to size 8.33606pt on input line 13.
LaTeX Font Info:    Font shape `U/msb/m/n' will be
(Font)              scaled to size 6.25204pt on input line 13.
) [1]
Underfull \hbox (badness 10000) in paragraph at lines 205--206

 []

(./07facilities.tex) [1] (./11supplementary.tex
Underfull \hbox (badness 10000) in paragraph at lines 1--2

 []


Underfull \hbox (badness 10000) in paragraph at lines 3--4

 []


Underfull \hbox (badness 10000) in paragraph at lines 10--11

 []


Underfull \hbox (badness 10000) in paragraph at lines 12--14

 []


Underfull \hbox (badness 10000) in paragraph at lines 15--17

 []

[1]
Underfull \hbox (badness 10000) in paragraph at lines 26--27

 []


Underfull \hbox (badness 10000) in paragraph at lines 28--29

 []

[2]
Underfull \hbox (badness 10000) in paragraph at lines 37--38

 []


Underfull \hbox (badness 10000) in paragraph at lines 39--40

 []

[3]
Underfull \hbox (badness 10000) in paragraph at lines 66--67

 []

LaTeX Font Info:    Try loading font information for OMS+MinionPro-Regular.otf(0) on input line 75.
LaTeX Font Info:    No file OMSMinionPro-Regular.otf(0).fd. on input line 75.

LaTeX Font Warning: Font shape `OMS/MinionPro-Regular.otf(0)/m/n' undefined
(Font)              using `OMS/cmsy/m/n' instead
(Font)              for symbol `textbullet' on input line 75.

)
Package atveryend Info: Empty hook `BeforeClearDocument' on input line 226.
 [4]
Package atveryend Info: Empty hook `AfterLastShipout' on input line 226.
 (/Users/xiangchen/Documents/Writing/_nsf_template/.texpadtmp/main.aux)
Package atveryend Info: Empty hook `AtVeryEndDocument' on input line 226.
Package atveryend Info: Empty hook `AtEndAfterFileList' on input line 226.


LaTeX Font Warning: Some font shapes were not available, defaults substituted.

Package atveryend Info: Empty hook `AtVeryVeryEnd' on input line 226.
 ) 
Here is how much of TeX's memory you used:
 24540 strings out of 495158
 447195 string characters out of 6175469
 505554 words of memory out of 5000000
 27525 multiletter control sequences out of 15000+600000
 22898 words of font info for 81 fonts, out of 8000000 for 9000
 319 hyphenation exceptions out of 8191
 53i,11n,60p,10356b,384s stack positions out of 5000i,500n,10000p,200000b,80000s

Output written on /Users/xiangchen/Documents/Writing/_nsf_template/.texpadtmp/main.pdf (8 pages).
